{
  "RSpec": {
    "coverage": {
      "/home/jessica/Documents/ruby/we_got_coders/fp/OccupyBnB/spec/models/squatter_spec.rb": [
        1,
        null,
        1,
        1,
        1,
        1,
        null,
        null,
        1,
        1,
        1,
        1,
        null,
        null,
        1,
        1,
        1,
        1,
        null,
        null,
        null,
        1,
        1,
        1,
        1,
        null,
        null,
        1,
        1,
        1,
        null,
        1,
        null,
        null,
        1,
        1,
        null,
        1,
        null,
        null,
        1,
        null,
        null,
        1,
        7,
        7,
        null,
        7,
        null,
        null,
        null,
        1,
        null,
        null,
        1,
        7,
        7,
        null,
        7,
        null,
        null,
        null,
        null
      ],
      "/home/jessica/Documents/ruby/we_got_coders/fp/OccupyBnB/spec/rails_helper.rb": [
        1,
        1,
        1,
        1,
        1,
        null,
        null,
        1,
        null,
        1,
        1,
        1,
        1,
        1,
        null
      ],
      "/home/jessica/Documents/ruby/we_got_coders/fp/OccupyBnB/config/environment.rb": [
        null,
        1,
        null,
        null,
        1
      ],
      "/home/jessica/Documents/ruby/we_got_coders/fp/OccupyBnB/config/application.rb": [
        1,
        null,
        1,
        null,
        1,
        1,
        1,
        1,
        1,
        1,
        1,
        1,
        null,
        null,
        null,
        null,
        1,
        null,
        1,
        1,
        null,
        null,
        null,
        null,
        null
      ],
      "/home/jessica/Documents/ruby/we_got_coders/fp/OccupyBnB/config/boot.rb": [
        1,
        null,
        1
      ],
      "/home/jessica/Documents/ruby/we_got_coders/fp/OccupyBnB/config/environments/test.rb": [
        1,
        1,
        null,
        1,
        null,
        1,
        1,
        null,
        null,
        null,
        1,
        1,
        null,
        1,
        null,
        1,
        1,
        null,
        1,
        null,
        1,
        null,
        null,
        1,
        null
      ],
      "/home/jessica/Documents/ruby/we_got_coders/fp/OccupyBnB/config/initializers/application_controller_renderer.rb": [
        null,
        null,
        null,
        null,
        null,
        null
      ],
      "/home/jessica/Documents/ruby/we_got_coders/fp/OccupyBnB/config/initializers/assets.rb": [
        null,
        null,
        null,
        1,
        null,
        null,
        null,
        null,
        null,
        null,
        null
      ],
      "/home/jessica/Documents/ruby/we_got_coders/fp/OccupyBnB/config/initializers/backtrace_silencers.rb": [
        null,
        null,
        null,
        null,
        null,
        null,
        null
      ],
      "/home/jessica/Documents/ruby/we_got_coders/fp/OccupyBnB/config/initializers/cookies_serializer.rb": [
        null,
        null,
        null,
        null,
        1
      ],
      "/home/jessica/Documents/ruby/we_got_coders/fp/OccupyBnB/config/initializers/devise.rb": [
        null,
        null,
        1,
        null,
        null,
        null,
        null,
        null,
        null,
        null,
        null,
        null,
        null,
        null,
        1,
        null,
        null,
        null,
        null,
        null,
        null,
        null,
        null,
        null,
        null,
        null,
        1,
        null,
        null,
        null,
        null,
        null,
        null,
        null,
        null,
        null,
        null,
        null,
        null,
        null,
        null,
        null,
        null,
        null,
        null,
        null,
        null,
        null,
        1,
        null,
        null,
        null,
        null,
        1,
        null,
        null,
        null,
        null,
        null,
        null,
        null,
        null,
        null,
        null,
        null,
        null,
        null,
        null,
        null,
        null,
        null,
        null,
        null,
        null,
        null,
        null,
        null,
        null,
        null,
        null,
        null,
        null,
        null,
        null,
        1,
        null,
        null,
        null,
        null,
        null,
        null,
        null,
        null,
        null,
        null,
        null,
        null,
        null,
        null,
        null,
        null,
        null,
        null,
        null,
        null,
        null,
        null,
        1,
        null,
        null,
        null,
        null,
        null,
        null,
        null,
        null,
        null,
        null,
        null,
        null,
        null,
        null,
        null,
        null,
        null,
        null,
        null,
        null,
        null,
        null,
        null,
        null,
        null,
        null,
        null,
        1,
        null,
        null,
        null,
        null,
        null,
        null,
        null,
        null,
        null,
        1,
        null,
        null,
        null,
        null,
        null,
        null,
        null,
        null,
        null,
        null,
        1,
        null,
        null,
        null,
        null,
        1,
        null,
        null,
        null,
        null,
        null,
        null,
        null,
        null,
        null,
        null,
        null,
        null,
        null,
        null,
        null,
        null,
        null,
        null,
        null,
        null,
        null,
        null,
        null,
        null,
        null,
        null,
        null,
        null,
        null,
        null,
        null,
        null,
        null,
        null,
        null,
        null,
        null,
        null,
        null,
        null,
        1,
        null,
        null,
        null,
        null,
        null,
        null,
        null,
        null,
        null,
        null,
        null,
        null,
        null,
        null,
        null,
        null,
        null,
        null,
        null,
        null,
        null,
        null,
        null,
        null,
        null,
        null,
        null,
        null,
        null,
        null,
        null,
        null,
        null,
        null,
        null,
        null,
        null,
        null,
        null,
        null,
        null,
        1,
        null,
        null,
        null,
        null,
        null,
        null,
        null,
        null,
        null,
        null,
        null,
        null,
        null,
        null,
        null,
        null,
        null,
        null,
        null,
        null,
        null,
        null,
        null,
        null,
        null,
        null,
        null,
        null,
        null
      ],
      "/home/jessica/Documents/ruby/we_got_coders/fp/OccupyBnB/config/initializers/filter_parameter_logging.rb": [
        null,
        null,
        null,
        1
      ],
      "/home/jessica/Documents/ruby/we_got_coders/fp/OccupyBnB/config/initializers/inflections.rb": [
        null,
        null,
        null,
        null,
        null,
        null,
        null,
        null,
        null,
        null,
        null,
        null,
        null,
        null,
        null,
        null
      ],
      "/home/jessica/Documents/ruby/we_got_coders/fp/OccupyBnB/config/initializers/mime_types.rb": [
        null,
        null,
        null,
        null
      ],
      "/home/jessica/Documents/ruby/we_got_coders/fp/OccupyBnB/config/initializers/new_framework_defaults.rb": [
        null,
        null,
        null,
        null,
        null,
        null,
        null,
        1,
        null,
        null,
        1,
        null,
        null,
        null,
        1,
        null,
        null,
        1,
        null,
        null,
        1,
        null,
        null,
        1
      ],
      "/home/jessica/Documents/ruby/we_got_coders/fp/OccupyBnB/config/initializers/session_store.rb": [
        null,
        null,
        1
      ],
      "/home/jessica/Documents/ruby/we_got_coders/fp/OccupyBnB/config/initializers/wrap_parameters.rb": [
        null,
        null,
        null,
        null,
        null,
        null,
        1,
        2,
        null,
        null,
        null,
        null,
        null,
        null
      ],
      "/home/jessica/Documents/ruby/we_got_coders/fp/OccupyBnB/spec/factories/squatters.rb": [
        1,
        1,
        1,
        1,
        1,
        1,
        1,
        null,
        null,
        1,
        1,
        1,
        1,
        1,
        null,
        null,
        null
      ],
      "/home/jessica/Documents/ruby/we_got_coders/fp/OccupyBnB/config/routes.rb": [
        1,
        1,
        null,
        1,
        null
      ],
      "/home/jessica/Documents/ruby/we_got_coders/fp/OccupyBnB/app/models/squatter.rb": [
        1,
        null,
        null,
        1,
        null,
        null,
        null,
        1,
        1,
        1,
        null,
        null
      ],
      "/home/jessica/Documents/ruby/we_got_coders/fp/OccupyBnB/app/models/application_record.rb": [
        1,
        1,
        null
      ],
      "/home/jessica/Documents/ruby/we_got_coders/fp/OccupyBnB/app/helpers/application_helper.rb": [
        1,
        null
      ]
    },
    "timestamp": 1471270382
  }
}
